<?xml version="1.0" encoding="UTF-8"?>
<testng-results ignored="0" total="1" passed="1" failed="0" skipped="0">
  <reporter-output>
  </reporter-output>
  <suite started-at="2021-10-15T17:40:13 IST" name="Default suite" finished-at="2021-10-15T17:40:17 IST" duration-ms="4313">
    <groups>
    </groups>
    <test started-at="2021-10-15T17:40:13 IST" name="Default test" finished-at="2021-10-15T17:40:17 IST" duration-ms="4313">
      <class name="com.actitime.testscript.AllCheckBox">
        <test-method signature="testCheckBox()[pri:0, instance:com.actitime.testscript.AllCheckBox@34f7cfd9]" started-at="2021-10-15T17:40:13 IST" name="testCheckBox" finished-at="2021-10-15T17:40:17 IST" duration-ms="4196" status="PASS">
          <reporter-output>
          </reporter-output>
        </test-method> <!-- testCheckBox -->
      </class> <!-- com.actitime.testscript.AllCheckBox -->
    </test> <!-- Default test -->
  </suite> <!-- Default suite -->
</testng-results>
